
> capstone-backend@0.1.0 build
> tsc -p tsconfig.json

src/app.ts(4,20): error TS2307: Cannot find module 'morgan' or its corresponding type declarations.
src/app.ts(5,20): error TS2307: Cannot find module 'multer' or its corresponding type declarations.
src/controllers/eventsController.ts(111,12): error TS2339: Property 'file' does not exist on type 'Request<ParamsDictionary, any, any, ParsedQs, Record<string, any>>'.
src/controllers/eventsController.ts(112,31): error TS2339: Property 'file' does not exist on type 'Request<ParamsDictionary, any, any, ParsedQs, Record<string, any>>'.
src/controllers/usersController.ts(5,18): error TS2339: Property 'getAll' does not exist on type 'typeof import("C:/Users/ankam/Downloads/capstone project/backend/src/models/userModel")'.
src/controllers/usersController.ts(10,22): error TS2339: Property 'getById' does not exist on type 'typeof import("C:/Users/ankam/Downloads/capstone project/backend/src/models/userModel")'.
src/controllers/usersController.ts(18,22): error TS2339: Property 'create' does not exist on type 'typeof import("C:/Users/ankam/Downloads/capstone project/backend/src/models/userModel")'.
src/controllers/usersController.ts(25,25): error TS2339: Property 'update' does not exist on type 'typeof import("C:/Users/ankam/Downloads/capstone project/backend/src/models/userModel")'.
src/controllers/usersController.ts(32,20): error TS2339: Property 'remove' does not exist on type 'typeof import("C:/Users/ankam/Downloads/capstone project/backend/src/models/userModel")'.
src/middleware/auth.middleware.ts(12,18): error TS2430: Interface 'AuthRequest' incorrectly extends interface 'Request<ParamsDictionary, any, any, ParsedQs, Record<string, any>>'.
  Types of property 'user' are incompatible.
    Type 'JwtPayload | undefined' is not assignable to type 'AuthPayload | undefined'.
      Type 'JwtPayload' is not assignable to type 'AuthPayload'.
        Types of property 'role' are incompatible.
          Type 'string' is not assignable to type '"organizer" | "attendee" | "admin"'.
src/middleware/validate.ts(2,34): error TS2307: Cannot find module 'express-validator' or its corresponding type declarations.
src/middleware/validate.ts(7,39): error TS7006: Parameter 'err' implicitly has an 'any' type.
src/middleware/validators.ts(1,29): error TS2307: Cannot find module 'express-validator' or its corresponding type declarations.
src/models/eventModel.ts(75,10): error TS2488: Type 'QueryResult' must have a '[Symbol.iterator]()' method that returns an iterator.
src/routes/events.ts(4,20): error TS2307: Cannot find module 'multer' or its corresponding type declarations.
src/routes/events.ts(12,16): error TS7006: Parameter '_req' implicitly has an 'any' type.
src/routes/events.ts(12,22): error TS7006: Parameter 'file' implicitly has an 'any' type.
src/routes/events.ts(12,28): error TS7006: Parameter 'cb' implicitly has an 'any' type.
